<?xml version="1.0" encoding="UTF-8"?>
<!-- Generated by org.testng.reporters.JUnitReportReporter -->
<testsuite skipped="0" hostname="MSI" name="tests.NewTest" tests="1" failures="0" timestamp="2020-03-02T13:51:14 EST" time="2.686" errors="0">
  <testcase name="openMyBlog" time="2.686" classname="tests.NewTest"/>
</testsuite> <!-- tests.NewTest -->
